# JRE version: OpenJDK Runtime Environment (11.0.11+9) (build 11.0.11+9-b60-7590822)
# Java VM: OpenJDK 64-Bit Server VM (11.0.11+9-b60-7590822, mixed mode, tiered, compressed oops, g1 gc, windows-amd64)
Heap:
 garbage-first heap   total 324608K, used 90357K [0x0000000080000000, 0x0000000100000000)
  region size 1024K, 10 young (10240K), 10 survivors (10240K)
 Metaspace       used 61184K, capacity 62703K, committed 63104K, reserved 1103872K
  class space    used 7446K, capacity 7964K, committed 8064K, reserved 1048576K
GC Heap History (20 events):
Event: 82.107 GC heap after
{Heap after GC invocations=39 (full 0):
 garbage-first heap   total 187392K, used 76028K [0x0000000080000000, 0x0000000100000000)
  region size 1024K, 5 young (5120K), 5 survivors (5120K)
 Metaspace       used 61143K, capacity 62639K, committed 62848K, reserved 1103872K
  class space    used 7444K, capacity 7964K, committed 8064K, reserved 1048576K
}
Event: 82.297 GC heap before
{Heap before GC invocations=39 (full 0):
 garbage-first heap   total 187392K, used 152828K [0x0000000080000000, 0x0000000100000000)
  region size 1024K, 82 young (83968K), 5 survivors (5120K)
 Metaspace       used 61145K, capacity 62639K, committed 62848K, reserved 1103872K
  class space    used 7444K, capacity 7964K, committed 8064K, reserved 1048576K
}
Event: 82.300 GC heap after
{Heap after GC invocations=40 (full 0):
 garbage-first heap   total 187392K, used 78868K [0x0000000080000000, 0x0000000100000000)
  region size 1024K, 8 young (8192K), 8 survivors (8192K)
 Metaspace       used 61145K, capacity 62639K, committed 62848K, reserved 1103872K
  class space    used 7444K, capacity 7964K, committed 8064K, reserved 1048576K
}
Event: 82.412 GC heap before
{Heap before GC invocations=40 (full 0):
 garbage-first heap   total 187392K, used 154644K [0x0000000080000000, 0x0000000100000000)
  region size 1024K, 80 young (81920K), 8 survivors (8192K)
 Metaspace       used 61151K, capacity 62639K, committed 62848K, reserved 1103872K
  class space    used 7444K, capacity 7964K, committed 8064K, reserved 1048576K
}
Event: 82.417 GC heap after
{Heap after GC invocations=41 (full 0):
 garbage-first heap   total 225280K, used 81823K [0x0000000080000000, 0x0000000100000000)
  region size 1024K, 8 young (8192K), 8 survivors (8192K)
 Metaspace       used 61151K, capacity 62639K, committed 62848K, reserved 1103872K
  class space    used 7444K, capacity 7964K, committed 8064K, reserved 1048576K
}
Event: 82.558 GC heap before
{Heap before GC invocations=41 (full 0):
 garbage-first heap   total 225280K, used 185247K [0x0000000080000000, 0x0000000100000000)
  region size 1024K, 109 young (111616K), 8 survivors (8192K)
 Metaspace       used 61151K, capacity 62639K, committed 62848K, reserved 1103872K
  class space    used 7444K, capacity 7964K, committed 8064K, reserved 1048576K
}
Event: 82.561 GC heap after
{Heap after GC invocations=42 (full 0):
 garbage-first heap   total 225280K, used 84069K [0x0000000080000000, 0x0000000100000000)
  region size 1024K, 11 young (11264K), 11 survivors (11264K)
 Metaspace       used 61151K, capacity 62639K, committed 62848K, reserved 1103872K
  class space    used 7444K, capacity 7964K, committed 8064K, reserved 1048576K
}
Event: 82.743 GC heap before
{Heap before GC invocations=42 (full 0):
 garbage-first heap   total 225280K, used 178277K [0x0000000080000000, 0x0000000100000000)
  region size 1024K, 105 young (107520K), 11 survivors (11264K)
 Metaspace       used 61155K, capacity 62639K, committed 62848K, reserved 1103872K
  class space    used 7444K, capacity 7964K, committed 8064K, reserved 1048576K
}
Event: 82.746 GC heap after
{Heap after GC invocations=43 (full 0):
 garbage-first heap   total 225280K, used 82187K [0x0000000080000000, 0x0000000100000000)
  region size 1024K, 8 young (8192K), 8 survivors (8192K)
 Metaspace       used 61155K, capacity 62639K, committed 62848K, reserved 1103872K
  class space    used 7444K, capacity 7964K, committed 8064K, reserved 1048576K
}
Event: 82.864 GC heap before
{Heap before GC invocations=43 (full 0):
 garbage-first heap   total 225280K, used 179467K [0x0000000080000000, 0x0000000100000000)
  region size 1024K, 104 young (106496K), 8 survivors (8192K)
 Metaspace       used 61156K, capacity 62639K, committed 62848K, reserved 1103872K
  class space    used 7444K, capacity 7964K, committed 8064K, reserved 1048576K
}
Event: 82.867 GC heap after
{Heap after GC invocations=44 (full 0):
 garbage-first heap   total 225280K, used 84371K [0x0000000080000000, 0x0000000100000000)
  region size 1024K, 10 young (10240K), 10 survivors (10240K)
 Metaspace       used 61156K, capacity 62639K, committed 62848K, reserved 1103872K
  class space    used 7444K, capacity 7964K, committed 8064K, reserved 1048576K
}
Event: 82.975 GC heap before
{Heap before GC invocations=44 (full 0):
 garbage-first heap   total 225280K, used 178579K [0x0000000080000000, 0x0000000100000000)
  region size 1024K, 104 young (106496K), 10 survivors (10240K)
 Metaspace       used 61158K, capacity 62639K, committed 62848K, reserved 1103872K
  class space    used 7444K, capacity 7964K, committed 8064K, reserved 1048576K
}
Event: 82.979 GC heap after
{Heap after GC invocations=45 (full 0):
 garbage-first heap   total 270336K, used 83516K [0x0000000080000000, 0x0000000100000000)
  region size 1024K, 8 young (8192K), 8 survivors (8192K)
 Metaspace       used 61158K, capacity 62639K, committed 62848K, reserved 1103872K
  class space    used 7444K, capacity 7964K, committed 8064K, reserved 1048576K
}
Event: 83.171 GC heap before
{Heap before GC invocations=45 (full 0):
 garbage-first heap   total 270336K, used 219708K [0x0000000080000000, 0x0000000100000000)
  region size 1024K, 143 young (146432K), 8 survivors (8192K)
 Metaspace       used 61161K, capacity 62703K, committed 63104K, reserved 1103872K
  class space    used 7444K, capacity 7964K, committed 8064K, reserved 1048576K
}
Event: 83.174 GC heap after
{Heap after GC invocations=46 (full 0):
 garbage-first heap   total 270336K, used 85722K [0x0000000080000000, 0x0000000100000000)
  region size 1024K, 10 young (10240K), 10 survivors (10240K)
 Metaspace       used 61161K, capacity 62703K, committed 63104K, reserved 1103872K
  class space    used 7444K, capacity 7964K, committed 8064K, reserved 1048576K
}
Event: 83.332 GC heap before
{Heap before GC invocations=46 (full 0):
 garbage-first heap   total 270336K, used 213722K [0x0000000080000000, 0x0000000100000000)
  region size 1024K, 136 young (139264K), 10 survivors (10240K)
 Metaspace       used 61169K, capacity 62703K, committed 63104K, reserved 1103872K
  class space    used 7444K, capacity 7964K, committed 8064K, reserved 1048576K
}
Event: 83.335 GC heap after
{Heap after GC invocations=47 (full 0):
 garbage-first heap   total 270336K, used 84382K [0x0000000080000000, 0x0000000100000000)
  region size 1024K, 8 young (8192K), 8 survivors (8192K)
 Metaspace       used 61169K, capacity 62703K, committed 63104K, reserved 1103872K
  class space    used 7444K, capacity 7964K, committed 8064K, reserved 1048576K
}
Event: 83.482 GC heap before
{Heap before GC invocations=47 (full 0):
 garbage-first heap   total 270336K, used 216478K [0x0000000080000000, 0x0000000100000000)
  region size 1024K, 138 young (141312K), 8 survivors (8192K)
 Metaspace       used 61180K, capacity 62703K, committed 63104K, reserved 1103872K
  class space    used 7446K, capacity 7964K, committed 8064K, reserved 1048576K
}
Event: 83.486 GC heap after
{Heap after GC invocations=48 (full 0):
 garbage-first heap   total 270336K, used 89023K [0x0000000080000000, 0x0000000100000000)
  region size 1024K, 13 young (13312K), 13 survivors (13312K)
 Metaspace       used 61180K, capacity 62703K, committed 63104K, reserved 1103872K
  class space    used 7446K, capacity 7964K, committed 8064K, reserved 1048576K
}
Event: 83.655 GC heap before
{Heap before GC invocations=48 (full 0):
 garbage-first heap   total 270336K, used 223167K [0x0000000080000000, 0x0000000100000000)
  region size 1024K, 139 young (142336K), 13 survivors (13312K)
 Metaspace       used 61184K, capacity 62703K, committed 63104K, reserved 1103872K
  class space    used 7446K, capacity 7964K, committed 8064K, reserved 1048576K
}

